Timestamp: 2025-09-09 13:37:25
Conteúdo de Array: Array
(
    [usuario_id] => Array
        (
            [0] => id
        )

)

-------------------------------------
Timestamp: 2025-09-09 13:38:09
Conteúdo de Array: Array
(
    [usuario_id] => Array
        (
            [0] => id
        )

)

-------------------------------------
Timestamp: 2025-09-09 13:46:43
Conteúdo de Array: Array
(
    [usuario_id] => Array
        (
            [0] => id
        )

)

-------------------------------------
Timestamp: 2025-09-09 13:47:05
Conteúdo de Array: Array
(
    [usuario_id] => Array
        (
            [0] => id
        )

)

-------------------------------------
Timestamp: 2025-09-09 13:47:14
Conteúdo de Array: Array
(
    [usuario_id] => Array
        (
            [0] => id
        )

)

-------------------------------------
Timestamp: 2025-09-09 13:59:55
Conteúdo de Array: Array
(
    [usuario_id] => Array
        (
            [0] => id
        )

)

-------------------------------------
Timestamp: 2025-09-09 14:02:21
Conteúdo de Array: Array
(
    [usuario_id] => Array
        (
            [0] => id
        )

)

-------------------------------------
Timestamp: 2025-09-09 14:02:37
Conteúdo de Array: Array
(
    [usuario_id] => Array
        (
            [0] => id
        )

)

-------------------------------------
Timestamp: 2025-09-09 14:12:16
Conteúdo de Array: Array
(
    [usuario_id] => Array
        (
            [0] => id
        )

)

-------------------------------------
